2021-03-15 10:08:05,189 [Worker-4: Loading available Gradle versions] INFO  o.e.b.c.i.u.g.PublishedGradleVersions - Gradle version information cache is up-to-date. Trying to read.
2021-03-15 10:12:26,381 [Worker-17: Creating maven-archetype-quickstart] INFO  o.e.m.c.i.p.ProjectConfigurationManager - Collecting project info '/pom.xml' D:\SynechronBDD_15_03_2021\Eclipse_WS\actitime\pom.xml
2021-03-15 10:12:31,903 [Worker-17: Creating maven-archetype-quickstart] INFO  o.e.m.c.i.l.LifecycleMappingFactory - Using org.eclipse.m2e.jdt.JarLifecycleMapping lifecycle mapping for MavenProject: com.synechron.bdd:actitime:0.0.1-SNAPSHOT @ D:\SynechronBDD_15_03_2021\Eclipse_WS\actitime\pom.xml.
2021-03-15 10:12:33,268 [Worker-17: Creating maven-archetype-quickstart] INFO  o.e.m.j.i.AbstractJavaProjectConfigurator - Adding source folder /actitime/src/main/java
2021-03-15 10:12:33,273 [Worker-17: Creating maven-archetype-quickstart] INFO  o.e.m.j.i.AbstractJavaProjectConfigurator - Adding source folder /actitime/src/test/java
2021-03-15 10:12:34,676 [Worker-17: Creating maven-archetype-quickstart] INFO  o.e.m.c.i.p.ProjectConfigurationManager - Imported and configured 1 project(s) in 8 sec
2021-03-15 10:12:36,238 [Worker-21: Building workspace] INFO  o.e.m.c.i.embedder.EclipseLogger - Using 'UTF-8' encoding to copy filtered resources.
2021-03-15 10:12:36,238 [Worker-21: Building workspace] INFO  o.e.m.c.i.embedder.EclipseLogger - skip non existing resourceDirectory D:\SynechronBDD_15_03_2021\Eclipse_WS\actitime\src\main\resources
2021-03-15 10:12:36,240 [Worker-21: Building workspace] INFO  o.e.m.c.i.embedder.EclipseLogger - Using 'UTF-8' encoding to copy filtered resources.
2021-03-15 10:12:36,241 [Worker-21: Building workspace] INFO  o.e.m.c.i.embedder.EclipseLogger - skip non existing resourceDirectory D:\SynechronBDD_15_03_2021\Eclipse_WS\actitime\src\test\resources
2021-03-15 10:30:28,259 [Worker-23: Building workspace] INFO  o.e.m.c.i.embedder.EclipseLogger - Using 'UTF-8' encoding to copy filtered resources.
2021-03-15 10:30:28,259 [Worker-23: Building workspace] INFO  o.e.m.c.i.embedder.EclipseLogger - skip non existing resourceDirectory D:\SynechronBDD_15_03_2021\Eclipse_WS\actitime\src\main\resources
2021-03-15 10:30:28,260 [Worker-23: Building workspace] INFO  o.e.m.c.i.embedder.EclipseLogger - Using 'UTF-8' encoding to copy filtered resources.
2021-03-15 10:30:28,261 [Worker-23: Building workspace] INFO  o.e.m.c.i.embedder.EclipseLogger - skip non existing resourceDirectory D:\SynechronBDD_15_03_2021\Eclipse_WS\actitime\src\test\resources
2021-03-15 10:31:23,818 [Worker-23: Building workspace] INFO  o.e.m.c.i.embedder.EclipseLogger - Using 'UTF-8' encoding to copy filtered resources.
2021-03-15 10:31:23,818 [Worker-23: Building workspace] INFO  o.e.m.c.i.embedder.EclipseLogger - skip non existing resourceDirectory D:\SynechronBDD_15_03_2021\Eclipse_WS\actitime\src\main\resources
2021-03-15 10:31:23,819 [Worker-23: Building workspace] INFO  o.e.m.c.i.embedder.EclipseLogger - Using 'UTF-8' encoding to copy filtered resources.
2021-03-15 10:31:23,820 [Worker-23: Building workspace] INFO  o.e.m.c.i.embedder.EclipseLogger - skip non existing resourceDirectory D:\SynechronBDD_15_03_2021\Eclipse_WS\actitime\src\test\resources
2021-03-15 10:31:34,443 [Worker-30: Rebuilding] INFO  o.e.m.c.i.embedder.EclipseLogger - Using 'UTF-8' encoding to copy filtered resources.
2021-03-15 10:31:34,443 [Worker-30: Rebuilding] INFO  o.e.m.c.i.embedder.EclipseLogger - skip non existing resourceDirectory D:\SynechronBDD_15_03_2021\Eclipse_WS\actitime\src\main\resources
2021-03-15 10:31:34,445 [Worker-30: Rebuilding] INFO  o.e.m.c.i.embedder.EclipseLogger - Using 'UTF-8' encoding to copy filtered resources.
2021-03-15 10:31:34,446 [Worker-30: Rebuilding] INFO  o.e.m.c.i.embedder.EclipseLogger - skip non existing resourceDirectory D:\SynechronBDD_15_03_2021\Eclipse_WS\actitime\src\test\resources
2021-03-15 10:33:12,546 [Worker-28: Building workspace] INFO  o.e.m.c.i.embedder.EclipseLogger - Using 'UTF-8' encoding to copy filtered resources.
2021-03-15 10:33:12,546 [Worker-28: Building workspace] INFO  o.e.m.c.i.embedder.EclipseLogger - skip non existing resourceDirectory D:\SynechronBDD_15_03_2021\Eclipse_WS\actitime\src\main\resources
2021-03-15 10:33:12,547 [Worker-28: Building workspace] INFO  o.e.m.c.i.embedder.EclipseLogger - Using 'UTF-8' encoding to copy filtered resources.
2021-03-15 10:33:12,548 [Worker-28: Building workspace] INFO  o.e.m.c.i.embedder.EclipseLogger - skip non existing resourceDirectory D:\SynechronBDD_15_03_2021\Eclipse_WS\actitime\src\test\resources
2021-03-15 11:11:02,076 [Worker-46: Building workspace] INFO  o.e.m.c.i.l.LifecycleMappingFactory - Using org.eclipse.m2e.jdt.JarLifecycleMapping lifecycle mapping for MavenProject: com.synechron.bdd:actitime:0.0.1-SNAPSHOT @ D:\SynechronBDD_15_03_2021\Eclipse_WS\actitime\pom.xml.
2021-03-15 11:11:03,069 [Worker-46: Building workspace] INFO  o.e.m.c.i.e.AbstractTransferListenerAdapter - Downloading https://repo.maven.apache.org/maven2/io/cucumber/cucumber-java/6.10.1/cucumber-java-6.10.1.pom
2021-03-15 11:11:03,264 [Worker-46: Building workspace] INFO  o.e.m.c.i.e.AbstractTransferListenerAdapter - Downloaded https://repo.maven.apache.org/maven2/io/cucumber/cucumber-java/6.10.1/cucumber-java-6.10.1.pom
2021-03-15 11:11:03,431 [Worker-46: Building workspace] INFO  o.e.m.c.i.e.AbstractTransferListenerAdapter - Downloading https://repo.maven.apache.org/maven2/io/cucumber/cucumber-jvm/6.10.1/cucumber-jvm-6.10.1.pom
2021-03-15 11:11:03,642 [Worker-46: Building workspace] INFO  o.e.m.c.i.e.AbstractTransferListenerAdapter - Downloaded https://repo.maven.apache.org/maven2/io/cucumber/cucumber-jvm/6.10.1/cucumber-jvm-6.10.1.pom
2021-03-15 11:11:03,821 [Worker-46: Building workspace] INFO  o.e.m.c.i.e.AbstractTransferListenerAdapter - Downloading https://repo.maven.apache.org/maven2/io/cucumber/cucumber-core/6.10.1/cucumber-core-6.10.1.pom
2021-03-15 11:11:03,992 [Worker-46: Building workspace] INFO  o.e.m.c.i.e.AbstractTransferListenerAdapter - Downloaded https://repo.maven.apache.org/maven2/io/cucumber/cucumber-core/6.10.1/cucumber-core-6.10.1.pom
2021-03-15 11:11:04,159 [Worker-46: Building workspace] INFO  o.e.m.c.i.e.AbstractTransferListenerAdapter - Downloading https://repo.maven.apache.org/maven2/io/cucumber/cucumber-gherkin/6.10.1/cucumber-gherkin-6.10.1.pom
2021-03-15 11:11:04,325 [Worker-46: Building workspace] INFO  o.e.m.c.i.e.AbstractTransferListenerAdapter - Downloaded https://repo.maven.apache.org/maven2/io/cucumber/cucumber-gherkin/6.10.1/cucumber-gherkin-6.10.1.pom
2021-03-15 11:11:04,494 [Worker-46: Building workspace] INFO  o.e.m.c.i.e.AbstractTransferListenerAdapter - Downloading https://repo.maven.apache.org/maven2/io/cucumber/cucumber-plugin/6.10.1/cucumber-plugin-6.10.1.pom
2021-03-15 11:11:04,660 [Worker-46: Building workspace] INFO  o.e.m.c.i.e.AbstractTransferListenerAdapter - Downloaded https://repo.maven.apache.org/maven2/io/cucumber/cucumber-plugin/6.10.1/cucumber-plugin-6.10.1.pom
2021-03-15 11:11:04,849 [Worker-46: Building workspace] INFO  o.e.m.c.i.e.AbstractTransferListenerAdapter - Downloading https://repo.maven.apache.org/maven2/io/cucumber/cucumber-gherkin-messages/6.10.1/cucumber-gherkin-messages-6.10.1.pom
2021-03-15 11:11:05,038 [Worker-46: Building workspace] INFO  o.e.m.c.i.e.AbstractTransferListenerAdapter - Downloaded https://repo.maven.apache.org/maven2/io/cucumber/cucumber-gherkin-messages/6.10.1/cucumber-gherkin-messages-6.10.1.pom
2021-03-15 11:11:05,476 [Worker-46: Building workspace] INFO  o.e.m.c.i.e.AbstractTransferListenerAdapter - Downloading https://repo.maven.apache.org/maven2/io/cucumber/docstring/6.10.1/docstring-6.10.1.pom
2021-03-15 11:11:05,644 [Worker-46: Building workspace] INFO  o.e.m.c.i.e.AbstractTransferListenerAdapter - Downloaded https://repo.maven.apache.org/maven2/io/cucumber/docstring/6.10.1/docstring-6.10.1.pom
2021-03-15 11:11:05,895 [Worker-46: Building workspace] INFO  o.e.m.c.i.e.AbstractTransferListenerAdapter - Downloading https://repo.maven.apache.org/maven2/io/cucumber/cucumber-junit/6.10.1/cucumber-junit-6.10.1.pom
2021-03-15 11:11:06,060 [Worker-46: Building workspace] INFO  o.e.m.c.i.e.AbstractTransferListenerAdapter - Downloaded https://repo.maven.apache.org/maven2/io/cucumber/cucumber-junit/6.10.1/cucumber-junit-6.10.1.pom
2021-03-15 11:11:06,251 [Worker-46: Building workspace] INFO  o.e.m.c.i.e.AbstractTransferListenerAdapter - Downloading https://repo.maven.apache.org/maven2/io/cucumber/cucumber-java/6.10.1/cucumber-java-6.10.1.jar
2021-03-15 11:11:07,229 [Worker-46: Building workspace] INFO  o.e.m.c.i.e.AbstractTransferListenerAdapter - Downloaded https://repo.maven.apache.org/maven2/io/cucumber/cucumber-java/6.10.1/cucumber-java-6.10.1.jar
2021-03-15 11:11:07,391 [Worker-46: Building workspace] INFO  o.e.m.c.i.e.AbstractTransferListenerAdapter - Downloading https://repo.maven.apache.org/maven2/io/cucumber/cucumber-core/6.10.1/cucumber-core-6.10.1.jar
2021-03-15 11:11:07,729 [Worker-46: Building workspace] INFO  o.e.m.c.i.e.AbstractTransferListenerAdapter - Downloaded https://repo.maven.apache.org/maven2/io/cucumber/cucumber-core/6.10.1/cucumber-core-6.10.1.jar
2021-03-15 11:11:07,889 [Worker-46: Building workspace] INFO  o.e.m.c.i.e.AbstractTransferListenerAdapter - Downloading https://repo.maven.apache.org/maven2/io/cucumber/cucumber-gherkin/6.10.1/cucumber-gherkin-6.10.1.jar
2021-03-15 11:11:08,083 [Worker-46: Building workspace] INFO  o.e.m.c.i.e.AbstractTransferListenerAdapter - Downloaded https://repo.maven.apache.org/maven2/io/cucumber/cucumber-gherkin/6.10.1/cucumber-gherkin-6.10.1.jar
2021-03-15 11:11:08,244 [Worker-46: Building workspace] INFO  o.e.m.c.i.e.AbstractTransferListenerAdapter - Downloading https://repo.maven.apache.org/maven2/io/cucumber/cucumber-gherkin-messages/6.10.1/cucumber-gherkin-messages-6.10.1.jar
2021-03-15 11:11:08,439 [Worker-46: Building workspace] INFO  o.e.m.c.i.e.AbstractTransferListenerAdapter - Downloaded https://repo.maven.apache.org/maven2/io/cucumber/cucumber-gherkin-messages/6.10.1/cucumber-gherkin-messages-6.10.1.jar
2021-03-15 11:11:08,598 [Worker-46: Building workspace] INFO  o.e.m.c.i.e.AbstractTransferListenerAdapter - Downloading https://repo.maven.apache.org/maven2/io/cucumber/cucumber-plugin/6.10.1/cucumber-plugin-6.10.1.jar
2021-03-15 11:11:08,766 [Worker-46: Building workspace] INFO  o.e.m.c.i.e.AbstractTransferListenerAdapter - Downloaded https://repo.maven.apache.org/maven2/io/cucumber/cucumber-plugin/6.10.1/cucumber-plugin-6.10.1.jar
2021-03-15 11:11:08,924 [Worker-46: Building workspace] INFO  o.e.m.c.i.e.AbstractTransferListenerAdapter - Downloading https://repo.maven.apache.org/maven2/io/cucumber/docstring/6.10.1/docstring-6.10.1.jar
2021-03-15 11:11:09,090 [Worker-46: Building workspace] INFO  o.e.m.c.i.e.AbstractTransferListenerAdapter - Downloaded https://repo.maven.apache.org/maven2/io/cucumber/docstring/6.10.1/docstring-6.10.1.jar
2021-03-15 11:11:09,248 [Worker-46: Building workspace] INFO  o.e.m.c.i.e.AbstractTransferListenerAdapter - Downloading https://repo.maven.apache.org/maven2/io/cucumber/cucumber-junit/6.10.1/cucumber-junit-6.10.1.jar
2021-03-15 11:11:09,416 [Worker-46: Building workspace] INFO  o.e.m.c.i.e.AbstractTransferListenerAdapter - Downloaded https://repo.maven.apache.org/maven2/io/cucumber/cucumber-junit/6.10.1/cucumber-junit-6.10.1.jar
2021-03-15 11:11:12,008 [Worker-46: Building workspace] INFO  o.e.m.c.i.embedder.EclipseLogger - Using 'UTF-8' encoding to copy filtered resources.
2021-03-15 11:11:12,009 [Worker-46: Building workspace] INFO  o.e.m.c.i.embedder.EclipseLogger - skip non existing resourceDirectory D:\SynechronBDD_15_03_2021\Eclipse_WS\actitime\src\main\resources
2021-03-15 11:11:12,011 [Worker-46: Building workspace] INFO  o.e.m.c.i.embedder.EclipseLogger - Using 'UTF-8' encoding to copy filtered resources.
2021-03-15 11:11:12,011 [Worker-46: Building workspace] INFO  o.e.m.c.i.embedder.EclipseLogger - skip non existing resourceDirectory D:\SynechronBDD_15_03_2021\Eclipse_WS\actitime\src\test\resources
2021-03-15 11:11:13,295 [Worker-47: Download sources and javadoc] INFO  o.e.m.c.i.e.AbstractTransferListenerAdapter - Downloading https://repo.maven.apache.org/maven2/io/cucumber/cucumber-java/6.10.1/cucumber-java-6.10.1-sources.jar
2021-03-15 11:11:13,445 [Worker-44: Building workspace] INFO  o.e.m.c.i.embedder.EclipseLogger - Using 'UTF-8' encoding to copy filtered resources.
2021-03-15 11:11:13,446 [Worker-44: Building workspace] INFO  o.e.m.c.i.embedder.EclipseLogger - skip non existing resourceDirectory D:\SynechronBDD_15_03_2021\Eclipse_WS\actitime\src\main\resources
2021-03-15 11:11:13,449 [Worker-44: Building workspace] INFO  o.e.m.c.i.embedder.EclipseLogger - Using 'UTF-8' encoding to copy filtered resources.
2021-03-15 11:11:13,449 [Worker-44: Building workspace] INFO  o.e.m.c.i.embedder.EclipseLogger - skip non existing resourceDirectory D:\SynechronBDD_15_03_2021\Eclipse_WS\actitime\src\test\resources
2021-03-15 11:11:14,095 [Worker-47: Download sources and javadoc] INFO  o.e.m.c.i.e.AbstractTransferListenerAdapter - Downloaded https://repo.maven.apache.org/maven2/io/cucumber/cucumber-java/6.10.1/cucumber-java-6.10.1-sources.jar
2021-03-15 11:11:14,394 [Worker-47: Download sources and javadoc] INFO  o.e.m.j.internal.DownloadSourcesJob - Downloaded sources for io.cucumber:cucumber-java:6.10.1
2021-03-15 11:11:14,547 [Worker-47: Download sources and javadoc] INFO  o.e.m.c.i.e.AbstractTransferListenerAdapter - Downloading https://repo.maven.apache.org/maven2/io/cucumber/cucumber-core/6.10.1/cucumber-core-6.10.1-sources.jar
2021-03-15 11:11:14,768 [Worker-47: Download sources and javadoc] INFO  o.e.m.c.i.e.AbstractTransferListenerAdapter - Downloaded https://repo.maven.apache.org/maven2/io/cucumber/cucumber-core/6.10.1/cucumber-core-6.10.1-sources.jar
2021-03-15 11:11:15,073 [Worker-47: Download sources and javadoc] INFO  o.e.m.j.internal.DownloadSourcesJob - Downloaded sources for io.cucumber:cucumber-core:6.10.1
2021-03-15 11:11:15,225 [Worker-47: Download sources and javadoc] INFO  o.e.m.c.i.e.AbstractTransferListenerAdapter - Downloading https://repo.maven.apache.org/maven2/io/cucumber/cucumber-gherkin/6.10.1/cucumber-gherkin-6.10.1-sources.jar
2021-03-15 11:11:15,387 [Worker-47: Download sources and javadoc] INFO  o.e.m.c.i.e.AbstractTransferListenerAdapter - Downloaded https://repo.maven.apache.org/maven2/io/cucumber/cucumber-gherkin/6.10.1/cucumber-gherkin-6.10.1-sources.jar
2021-03-15 11:11:15,497 [Worker-47: Download sources and javadoc] INFO  o.e.m.j.internal.DownloadSourcesJob - Downloaded sources for io.cucumber:cucumber-gherkin:6.10.1
2021-03-15 11:11:15,648 [Worker-47: Download sources and javadoc] INFO  o.e.m.c.i.e.AbstractTransferListenerAdapter - Downloading https://repo.maven.apache.org/maven2/io/cucumber/cucumber-gherkin-messages/6.10.1/cucumber-gherkin-messages-6.10.1-sources.jar
2021-03-15 11:11:15,811 [Worker-47: Download sources and javadoc] INFO  o.e.m.c.i.e.AbstractTransferListenerAdapter - Downloaded https://repo.maven.apache.org/maven2/io/cucumber/cucumber-gherkin-messages/6.10.1/cucumber-gherkin-messages-6.10.1-sources.jar
2021-03-15 11:11:15,970 [Worker-47: Download sources and javadoc] INFO  o.e.m.j.internal.DownloadSourcesJob - Downloaded sources for io.cucumber:cucumber-gherkin-messages:6.10.1
2021-03-15 11:11:16,129 [Worker-47: Download sources and javadoc] INFO  o.e.m.c.i.e.AbstractTransferListenerAdapter - Downloading https://repo.maven.apache.org/maven2/io/cucumber/cucumber-plugin/6.10.1/cucumber-plugin-6.10.1-sources.jar
2021-03-15 11:11:16,285 [Worker-47: Download sources and javadoc] INFO  o.e.m.c.i.e.AbstractTransferListenerAdapter - Downloaded https://repo.maven.apache.org/maven2/io/cucumber/cucumber-plugin/6.10.1/cucumber-plugin-6.10.1-sources.jar
2021-03-15 11:11:16,374 [Worker-47: Download sources and javadoc] INFO  o.e.m.j.internal.DownloadSourcesJob - Downloaded sources for io.cucumber:cucumber-plugin:6.10.1
2021-03-15 11:11:16,527 [Worker-47: Download sources and javadoc] INFO  o.e.m.c.i.e.AbstractTransferListenerAdapter - Downloading https://repo.maven.apache.org/maven2/io/cucumber/docstring/6.10.1/docstring-6.10.1-sources.jar
2021-03-15 11:11:16,688 [Worker-47: Download sources and javadoc] INFO  o.e.m.c.i.e.AbstractTransferListenerAdapter - Downloaded https://repo.maven.apache.org/maven2/io/cucumber/docstring/6.10.1/docstring-6.10.1-sources.jar
2021-03-15 11:11:16,951 [Worker-47: Download sources and javadoc] INFO  o.e.m.j.internal.DownloadSourcesJob - Downloaded sources for io.cucumber:docstring:6.10.1
2021-03-15 11:11:17,116 [Worker-47: Download sources and javadoc] INFO  o.e.m.c.i.e.AbstractTransferListenerAdapter - Downloading https://repo.maven.apache.org/maven2/io/cucumber/cucumber-junit/6.10.1/cucumber-junit-6.10.1-sources.jar
2021-03-15 11:11:17,276 [Worker-47: Download sources and javadoc] INFO  o.e.m.c.i.e.AbstractTransferListenerAdapter - Downloaded https://repo.maven.apache.org/maven2/io/cucumber/cucumber-junit/6.10.1/cucumber-junit-6.10.1-sources.jar
2021-03-15 11:11:17,380 [Worker-47: Download sources and javadoc] INFO  o.e.m.j.internal.DownloadSourcesJob - Downloaded sources for io.cucumber:cucumber-junit:6.10.1
2021-03-15 11:11:17,645 [Worker-45: Building workspace] INFO  o.e.m.c.i.embedder.EclipseLogger - Using 'UTF-8' encoding to copy filtered resources.
2021-03-15 11:11:17,645 [Worker-45: Building workspace] INFO  o.e.m.c.i.embedder.EclipseLogger - skip non existing resourceDirectory D:\SynechronBDD_15_03_2021\Eclipse_WS\actitime\src\main\resources
2021-03-15 11:11:17,646 [Worker-45: Building workspace] INFO  o.e.m.c.i.embedder.EclipseLogger - Using 'UTF-8' encoding to copy filtered resources.
2021-03-15 11:11:17,646 [Worker-45: Building workspace] INFO  o.e.m.c.i.embedder.EclipseLogger - skip non existing resourceDirectory D:\SynechronBDD_15_03_2021\Eclipse_WS\actitime\src\test\resources
2021-03-15 11:20:35,636 [Worker-67: Building workspace] INFO  o.e.m.c.i.embedder.EclipseLogger - Using 'UTF-8' encoding to copy filtered resources.
2021-03-15 11:20:35,636 [Worker-67: Building workspace] INFO  o.e.m.c.i.embedder.EclipseLogger - skip non existing resourceDirectory D:\SynechronBDD_15_03_2021\Eclipse_WS\actitime\src\main\resources
2021-03-15 11:20:35,637 [Worker-67: Building workspace] INFO  o.e.m.c.i.embedder.EclipseLogger - Using 'UTF-8' encoding to copy filtered resources.
2021-03-15 11:20:35,637 [Worker-67: Building workspace] INFO  o.e.m.c.i.embedder.EclipseLogger - skip non existing resourceDirectory D:\SynechronBDD_15_03_2021\Eclipse_WS\actitime\src\test\resources
2021-03-15 11:20:49,713 [Worker-49: Building workspace] INFO  o.e.m.c.i.embedder.EclipseLogger - Using 'UTF-8' encoding to copy filtered resources.
2021-03-15 11:20:49,713 [Worker-49: Building workspace] INFO  o.e.m.c.i.embedder.EclipseLogger - skip non existing resourceDirectory D:\SynechronBDD_15_03_2021\Eclipse_WS\actitime\src\main\resources
2021-03-15 11:20:49,714 [Worker-49: Building workspace] INFO  o.e.m.c.i.embedder.EclipseLogger - Using 'UTF-8' encoding to copy filtered resources.
2021-03-15 11:20:49,714 [Worker-49: Building workspace] INFO  o.e.m.c.i.embedder.EclipseLogger - skip non existing resourceDirectory D:\SynechronBDD_15_03_2021\Eclipse_WS\actitime\src\test\resources
2021-03-15 11:21:04,723 [Worker-66: Building workspace] INFO  o.e.m.c.i.embedder.EclipseLogger - Using 'UTF-8' encoding to copy filtered resources.
2021-03-15 11:21:04,723 [Worker-66: Building workspace] INFO  o.e.m.c.i.embedder.EclipseLogger - skip non existing resourceDirectory D:\SynechronBDD_15_03_2021\Eclipse_WS\actitime\src\main\resources
2021-03-15 11:21:04,724 [Worker-66: Building workspace] INFO  o.e.m.c.i.embedder.EclipseLogger - Using 'UTF-8' encoding to copy filtered resources.
2021-03-15 11:21:04,724 [Worker-66: Building workspace] INFO  o.e.m.c.i.embedder.EclipseLogger - skip non existing resourceDirectory D:\SynechronBDD_15_03_2021\Eclipse_WS\actitime\src\test\resources
2021-03-15 11:23:32,908 [Worker-69: Building workspace] INFO  o.e.m.c.i.embedder.EclipseLogger - Using 'UTF-8' encoding to copy filtered resources.
2021-03-15 11:23:32,908 [Worker-69: Building workspace] INFO  o.e.m.c.i.embedder.EclipseLogger - skip non existing resourceDirectory D:\SynechronBDD_15_03_2021\Eclipse_WS\actitime\src\main\resources
2021-03-15 11:23:32,909 [Worker-69: Building workspace] INFO  o.e.m.c.i.embedder.EclipseLogger - Using 'UTF-8' encoding to copy filtered resources.
2021-03-15 11:23:32,909 [Worker-69: Building workspace] INFO  o.e.m.c.i.embedder.EclipseLogger - skip non existing resourceDirectory D:\SynechronBDD_15_03_2021\Eclipse_WS\actitime\src\test\resources
2021-03-15 11:24:53,740 [Worker-49: Building workspace] INFO  o.e.m.c.i.embedder.EclipseLogger - Using 'UTF-8' encoding to copy filtered resources.
2021-03-15 11:24:53,740 [Worker-49: Building workspace] INFO  o.e.m.c.i.embedder.EclipseLogger - skip non existing resourceDirectory D:\SynechronBDD_15_03_2021\Eclipse_WS\actitime\src\main\resources
2021-03-15 11:24:53,742 [Worker-49: Building workspace] INFO  o.e.m.c.i.embedder.EclipseLogger - Using 'UTF-8' encoding to copy filtered resources.
2021-03-15 11:24:53,742 [Worker-49: Building workspace] INFO  o.e.m.c.i.embedder.EclipseLogger - skip non existing resourceDirectory D:\SynechronBDD_15_03_2021\Eclipse_WS\actitime\src\test\resources
2021-03-15 11:26:44,472 [Worker-70: Building workspace] INFO  o.e.m.c.i.embedder.EclipseLogger - Using 'UTF-8' encoding to copy filtered resources.
2021-03-15 11:26:44,472 [Worker-70: Building workspace] INFO  o.e.m.c.i.embedder.EclipseLogger - skip non existing resourceDirectory D:\SynechronBDD_15_03_2021\Eclipse_WS\actitime\src\main\resources
2021-03-15 11:26:44,473 [Worker-70: Building workspace] INFO  o.e.m.c.i.embedder.EclipseLogger - Using 'UTF-8' encoding to copy filtered resources.
2021-03-15 11:26:44,473 [Worker-70: Building workspace] INFO  o.e.m.c.i.embedder.EclipseLogger - skip non existing resourceDirectory D:\SynechronBDD_15_03_2021\Eclipse_WS\actitime\src\test\resources
2021-03-15 11:29:20,137 [Worker-69: Updating Maven Project] INFO  o.e.m.c.i.p.ProjectConfigurationManager - Update started
2021-03-15 11:29:20,657 [Worker-69: Updating Maven Project] INFO  o.e.m.c.i.l.LifecycleMappingFactory - Using org.eclipse.m2e.jdt.JarLifecycleMapping lifecycle mapping for MavenProject: com.synechron.bdd:actitime:0.0.1-SNAPSHOT @ D:\SynechronBDD_15_03_2021\Eclipse_WS\actitime\pom.xml.
2021-03-15 11:29:20,947 [Worker-69: Updating Maven Project] INFO  o.e.m.j.i.AbstractJavaProjectConfigurator - Adding source folder /actitime/src/main/java
2021-03-15 11:29:20,948 [Worker-69: Updating Maven Project] INFO  o.e.m.j.i.AbstractJavaProjectConfigurator - Adding source folder /actitime/src/test/java
2021-03-15 11:29:21,130 [Worker-69: Updating Maven Project] INFO  o.e.m.c.i.p.ProjectConfigurationManager - Update completed: 0 sec
2021-03-15 11:29:21,435 [Worker-49: Building workspace] INFO  o.e.m.c.i.embedder.EclipseLogger - Using 'UTF-8' encoding to copy filtered resources.
2021-03-15 11:29:21,435 [Worker-49: Building workspace] INFO  o.e.m.c.i.embedder.EclipseLogger - skip non existing resourceDirectory D:\SynechronBDD_15_03_2021\Eclipse_WS\actitime\src\main\resources
2021-03-15 11:29:21,437 [Worker-49: Building workspace] INFO  o.e.m.c.i.embedder.EclipseLogger - Using 'UTF-8' encoding to copy filtered resources.
2021-03-15 11:29:21,437 [Worker-49: Building workspace] INFO  o.e.m.c.i.embedder.EclipseLogger - skip non existing resourceDirectory D:\SynechronBDD_15_03_2021\Eclipse_WS\actitime\src\test\resources
2021-03-15 11:30:48,992 [Worker-49: Building workspace] INFO  o.e.m.c.i.embedder.EclipseLogger - Using 'UTF-8' encoding to copy filtered resources.
2021-03-15 11:30:48,993 [Worker-49: Building workspace] INFO  o.e.m.c.i.embedder.EclipseLogger - skip non existing resourceDirectory D:\SynechronBDD_15_03_2021\Eclipse_WS\actitime\src\main\resources
2021-03-15 11:30:48,995 [Worker-49: Building workspace] INFO  o.e.m.c.i.embedder.EclipseLogger - Using 'UTF-8' encoding to copy filtered resources.
2021-03-15 11:30:48,995 [Worker-49: Building workspace] INFO  o.e.m.c.i.embedder.EclipseLogger - skip non existing resourceDirectory D:\SynechronBDD_15_03_2021\Eclipse_WS\actitime\src\test\resources
2021-03-15 11:30:50,042 [Worker-49: Building workspace] INFO  o.e.m.c.i.embedder.EclipseLogger - Using 'UTF-8' encoding to copy filtered resources.
2021-03-15 11:30:50,043 [Worker-49: Building workspace] INFO  o.e.m.c.i.embedder.EclipseLogger - skip non existing resourceDirectory D:\SynechronBDD_15_03_2021\Eclipse_WS\actitime\src\main\resources
2021-03-15 11:30:50,045 [Worker-49: Building workspace] INFO  o.e.m.c.i.embedder.EclipseLogger - Using 'UTF-8' encoding to copy filtered resources.
2021-03-15 11:30:50,045 [Worker-49: Building workspace] INFO  o.e.m.c.i.embedder.EclipseLogger - skip non existing resourceDirectory D:\SynechronBDD_15_03_2021\Eclipse_WS\actitime\src\test\resources
2021-03-15 11:32:58,279 [Worker-74: Building workspace] INFO  o.e.m.c.i.embedder.EclipseLogger - Using 'UTF-8' encoding to copy filtered resources.
2021-03-15 11:32:58,280 [Worker-74: Building workspace] INFO  o.e.m.c.i.embedder.EclipseLogger - skip non existing resourceDirectory D:\SynechronBDD_15_03_2021\Eclipse_WS\actitime\src\main\resources
2021-03-15 11:32:58,280 [Worker-74: Building workspace] INFO  o.e.m.c.i.embedder.EclipseLogger - Using 'UTF-8' encoding to copy filtered resources.
2021-03-15 11:32:58,280 [Worker-74: Building workspace] INFO  o.e.m.c.i.embedder.EclipseLogger - skip non existing resourceDirectory D:\SynechronBDD_15_03_2021\Eclipse_WS\actitime\src\test\resources
2021-03-15 11:37:09,567 [Worker-49: Building workspace] INFO  o.e.m.c.i.embedder.EclipseLogger - Using 'UTF-8' encoding to copy filtered resources.
2021-03-15 11:37:09,567 [Worker-49: Building workspace] INFO  o.e.m.c.i.embedder.EclipseLogger - skip non existing resourceDirectory D:\SynechronBDD_15_03_2021\Eclipse_WS\actitime\src\main\resources
2021-03-15 11:37:09,568 [Worker-49: Building workspace] INFO  o.e.m.c.i.embedder.EclipseLogger - Using 'UTF-8' encoding to copy filtered resources.
2021-03-15 11:37:09,568 [Worker-49: Building workspace] INFO  o.e.m.c.i.embedder.EclipseLogger - skip non existing resourceDirectory D:\SynechronBDD_15_03_2021\Eclipse_WS\actitime\src\test\resources
2021-03-15 11:37:35,121 [Worker-78: Building workspace] INFO  o.e.m.c.i.embedder.EclipseLogger - Using 'UTF-8' encoding to copy filtered resources.
2021-03-15 11:37:35,121 [Worker-78: Building workspace] INFO  o.e.m.c.i.embedder.EclipseLogger - skip non existing resourceDirectory D:\SynechronBDD_15_03_2021\Eclipse_WS\actitime\src\main\resources
2021-03-15 11:37:35,122 [Worker-78: Building workspace] INFO  o.e.m.c.i.embedder.EclipseLogger - Using 'UTF-8' encoding to copy filtered resources.
2021-03-15 11:37:35,122 [Worker-78: Building workspace] INFO  o.e.m.c.i.embedder.EclipseLogger - skip non existing resourceDirectory D:\SynechronBDD_15_03_2021\Eclipse_WS\actitime\src\test\resources
2021-03-15 11:49:03,720 [Worker-83: Building workspace] INFO  o.e.m.c.i.embedder.EclipseLogger - Using 'UTF-8' encoding to copy filtered resources.
2021-03-15 11:49:03,720 [Worker-83: Building workspace] INFO  o.e.m.c.i.embedder.EclipseLogger - skip non existing resourceDirectory D:\SynechronBDD_15_03_2021\Eclipse_WS\actitime\src\main\resources
2021-03-15 11:49:03,721 [Worker-83: Building workspace] INFO  o.e.m.c.i.embedder.EclipseLogger - Using 'UTF-8' encoding to copy filtered resources.
2021-03-15 11:49:03,721 [Worker-83: Building workspace] INFO  o.e.m.c.i.embedder.EclipseLogger - skip non existing resourceDirectory D:\SynechronBDD_15_03_2021\Eclipse_WS\actitime\src\test\resources
2021-03-15 11:51:21,046 [Worker-87: Building workspace] INFO  o.e.m.c.i.embedder.EclipseLogger - Using 'UTF-8' encoding to copy filtered resources.
2021-03-15 11:51:21,046 [Worker-87: Building workspace] INFO  o.e.m.c.i.embedder.EclipseLogger - skip non existing resourceDirectory D:\SynechronBDD_15_03_2021\Eclipse_WS\actitime\src\main\resources
2021-03-15 11:51:21,049 [Worker-87: Building workspace] INFO  o.e.m.c.i.embedder.EclipseLogger - Using 'UTF-8' encoding to copy filtered resources.
2021-03-15 11:51:21,049 [Worker-87: Building workspace] INFO  o.e.m.c.i.embedder.EclipseLogger - skip non existing resourceDirectory D:\SynechronBDD_15_03_2021\Eclipse_WS\actitime\src\test\resources
2021-03-15 11:51:46,370 [Worker-86: Building workspace] INFO  o.e.m.c.i.embedder.EclipseLogger - Using 'UTF-8' encoding to copy filtered resources.
2021-03-15 11:51:46,370 [Worker-86: Building workspace] INFO  o.e.m.c.i.embedder.EclipseLogger - skip non existing resourceDirectory D:\SynechronBDD_15_03_2021\Eclipse_WS\actitime\src\main\resources
2021-03-15 11:51:46,371 [Worker-86: Building workspace] INFO  o.e.m.c.i.embedder.EclipseLogger - Using 'UTF-8' encoding to copy filtered resources.
2021-03-15 11:51:46,372 [Worker-86: Building workspace] INFO  o.e.m.c.i.embedder.EclipseLogger - skip non existing resourceDirectory D:\SynechronBDD_15_03_2021\Eclipse_WS\actitime\src\test\resources
2021-03-15 11:53:49,993 [Worker-86: Building workspace] INFO  o.e.m.c.i.l.LifecycleMappingFactory - Using org.eclipse.m2e.jdt.JarLifecycleMapping lifecycle mapping for MavenProject: com.synechron.bdd:actitime:0.0.1-SNAPSHOT @ D:\SynechronBDD_15_03_2021\Eclipse_WS\actitime\pom.xml.
2021-03-15 11:53:51,943 [Worker-86: Building workspace] INFO  o.e.m.c.i.embedder.EclipseLogger - Using 'UTF-8' encoding to copy filtered resources.
2021-03-15 11:53:51,944 [Worker-86: Building workspace] INFO  o.e.m.c.i.embedder.EclipseLogger - skip non existing resourceDirectory D:\SynechronBDD_15_03_2021\Eclipse_WS\actitime\src\main\resources
2021-03-15 11:53:51,945 [Worker-86: Building workspace] INFO  o.e.m.c.i.embedder.EclipseLogger - Using 'UTF-8' encoding to copy filtered resources.
2021-03-15 11:53:51,945 [Worker-86: Building workspace] INFO  o.e.m.c.i.embedder.EclipseLogger - skip non existing resourceDirectory D:\SynechronBDD_15_03_2021\Eclipse_WS\actitime\src\test\resources
2021-03-15 11:53:53,567 [Worker-87: Building workspace] INFO  o.e.m.c.i.embedder.EclipseLogger - Using 'UTF-8' encoding to copy filtered resources.
2021-03-15 11:53:53,567 [Worker-87: Building workspace] INFO  o.e.m.c.i.embedder.EclipseLogger - skip non existing resourceDirectory D:\SynechronBDD_15_03_2021\Eclipse_WS\actitime\src\main\resources
2021-03-15 11:53:53,568 [Worker-87: Building workspace] INFO  o.e.m.c.i.embedder.EclipseLogger - Using 'UTF-8' encoding to copy filtered resources.
2021-03-15 11:53:53,568 [Worker-87: Building workspace] INFO  o.e.m.c.i.embedder.EclipseLogger - skip non existing resourceDirectory D:\SynechronBDD_15_03_2021\Eclipse_WS\actitime\src\test\resources
2021-03-15 11:57:46,533 [Worker-92: Building workspace] INFO  o.e.m.c.i.l.LifecycleMappingFactory - Using org.eclipse.m2e.jdt.JarLifecycleMapping lifecycle mapping for MavenProject: com.synechron.bdd:actitime:0.0.1-SNAPSHOT @ D:\SynechronBDD_15_03_2021\Eclipse_WS\actitime\pom.xml.
2021-03-15 11:57:48,343 [Worker-92: Building workspace] INFO  o.e.m.c.i.embedder.EclipseLogger - Using 'UTF-8' encoding to copy filtered resources.
2021-03-15 11:57:48,343 [Worker-92: Building workspace] INFO  o.e.m.c.i.embedder.EclipseLogger - skip non existing resourceDirectory D:\SynechronBDD_15_03_2021\Eclipse_WS\actitime\src\main\resources
2021-03-15 11:57:48,345 [Worker-92: Building workspace] INFO  o.e.m.c.i.embedder.EclipseLogger - Using 'UTF-8' encoding to copy filtered resources.
2021-03-15 11:57:48,345 [Worker-92: Building workspace] INFO  o.e.m.c.i.embedder.EclipseLogger - skip non existing resourceDirectory D:\SynechronBDD_15_03_2021\Eclipse_WS\actitime\src\test\resources
2021-03-15 11:57:49,983 [Worker-89: Building workspace] INFO  o.e.m.c.i.embedder.EclipseLogger - Using 'UTF-8' encoding to copy filtered resources.
2021-03-15 11:57:49,983 [Worker-89: Building workspace] INFO  o.e.m.c.i.embedder.EclipseLogger - skip non existing resourceDirectory D:\SynechronBDD_15_03_2021\Eclipse_WS\actitime\src\main\resources
2021-03-15 11:57:49,984 [Worker-89: Building workspace] INFO  o.e.m.c.i.embedder.EclipseLogger - Using 'UTF-8' encoding to copy filtered resources.
2021-03-15 11:57:49,984 [Worker-89: Building workspace] INFO  o.e.m.c.i.embedder.EclipseLogger - skip non existing resourceDirectory D:\SynechronBDD_15_03_2021\Eclipse_WS\actitime\src\test\resources
2021-03-15 11:58:36,330 [Worker-91: Building workspace] INFO  o.e.m.c.i.embedder.EclipseLogger - Using 'UTF-8' encoding to copy filtered resources.
2021-03-15 11:58:36,330 [Worker-91: Building workspace] INFO  o.e.m.c.i.embedder.EclipseLogger - skip non existing resourceDirectory D:\SynechronBDD_15_03_2021\Eclipse_WS\actitime\src\main\resources
2021-03-15 11:58:36,331 [Worker-91: Building workspace] INFO  o.e.m.c.i.embedder.EclipseLogger - Using 'UTF-8' encoding to copy filtered resources.
2021-03-15 11:58:36,331 [Worker-91: Building workspace] INFO  o.e.m.c.i.embedder.EclipseLogger - skip non existing resourceDirectory D:\SynechronBDD_15_03_2021\Eclipse_WS\actitime\src\test\resources
2021-03-15 12:00:01,767 [Worker-95: Building workspace] INFO  o.e.m.c.i.embedder.EclipseLogger - Using 'UTF-8' encoding to copy filtered resources.
2021-03-15 12:00:01,767 [Worker-95: Building workspace] INFO  o.e.m.c.i.embedder.EclipseLogger - skip non existing resourceDirectory D:\SynechronBDD_15_03_2021\Eclipse_WS\actitime\src\main\resources
2021-03-15 12:00:01,768 [Worker-95: Building workspace] INFO  o.e.m.c.i.embedder.EclipseLogger - Using 'UTF-8' encoding to copy filtered resources.
2021-03-15 12:00:01,768 [Worker-95: Building workspace] INFO  o.e.m.c.i.embedder.EclipseLogger - skip non existing resourceDirectory D:\SynechronBDD_15_03_2021\Eclipse_WS\actitime\src\test\resources
2021-03-15 12:00:57,948 [Worker-94: Building workspace] INFO  o.e.m.c.i.embedder.EclipseLogger - Using 'UTF-8' encoding to copy filtered resources.
2021-03-15 12:00:57,949 [Worker-94: Building workspace] INFO  o.e.m.c.i.embedder.EclipseLogger - skip non existing resourceDirectory D:\SynechronBDD_15_03_2021\Eclipse_WS\actitime\src\main\resources
2021-03-15 12:00:57,950 [Worker-94: Building workspace] INFO  o.e.m.c.i.embedder.EclipseLogger - Using 'UTF-8' encoding to copy filtered resources.
2021-03-15 12:00:57,950 [Worker-94: Building workspace] INFO  o.e.m.c.i.embedder.EclipseLogger - skip non existing resourceDirectory D:\SynechronBDD_15_03_2021\Eclipse_WS\actitime\src\test\resources
2021-03-15 12:01:31,999 [Worker-95: Building workspace] INFO  o.e.m.c.i.embedder.EclipseLogger - Using 'UTF-8' encoding to copy filtered resources.
2021-03-15 12:01:31,999 [Worker-95: Building workspace] INFO  o.e.m.c.i.embedder.EclipseLogger - skip non existing resourceDirectory D:\SynechronBDD_15_03_2021\Eclipse_WS\actitime\src\main\resources
2021-03-15 12:01:32,000 [Worker-95: Building workspace] INFO  o.e.m.c.i.embedder.EclipseLogger - Using 'UTF-8' encoding to copy filtered resources.
2021-03-15 12:01:32,001 [Worker-95: Building workspace] INFO  o.e.m.c.i.embedder.EclipseLogger - skip non existing resourceDirectory D:\SynechronBDD_15_03_2021\Eclipse_WS\actitime\src\test\resources
2021-03-15 12:01:37,343 [Worker-95: Building workspace] INFO  o.e.m.c.i.embedder.EclipseLogger - Using 'UTF-8' encoding to copy filtered resources.
2021-03-15 12:01:37,343 [Worker-95: Building workspace] INFO  o.e.m.c.i.embedder.EclipseLogger - skip non existing resourceDirectory D:\SynechronBDD_15_03_2021\Eclipse_WS\actitime\src\main\resources
2021-03-15 12:01:37,344 [Worker-95: Building workspace] INFO  o.e.m.c.i.embedder.EclipseLogger - Using 'UTF-8' encoding to copy filtered resources.
2021-03-15 12:01:37,345 [Worker-95: Building workspace] INFO  o.e.m.c.i.embedder.EclipseLogger - skip non existing resourceDirectory D:\SynechronBDD_15_03_2021\Eclipse_WS\actitime\src\test\resources
2021-03-15 12:01:48,726 [Worker-86: Building workspace] INFO  o.e.m.c.i.embedder.EclipseLogger - Using 'UTF-8' encoding to copy filtered resources.
2021-03-15 12:01:48,726 [Worker-86: Building workspace] INFO  o.e.m.c.i.embedder.EclipseLogger - skip non existing resourceDirectory D:\SynechronBDD_15_03_2021\Eclipse_WS\actitime\src\main\resources
2021-03-15 12:01:48,728 [Worker-86: Building workspace] INFO  o.e.m.c.i.embedder.EclipseLogger - Using 'UTF-8' encoding to copy filtered resources.
2021-03-15 12:01:48,728 [Worker-86: Building workspace] INFO  o.e.m.c.i.embedder.EclipseLogger - skip non existing resourceDirectory D:\SynechronBDD_15_03_2021\Eclipse_WS\actitime\src\test\resources
2021-03-15 12:03:00,850 [Worker-94: Building workspace] INFO  o.e.m.c.i.embedder.EclipseLogger - Using 'UTF-8' encoding to copy filtered resources.
2021-03-15 12:03:00,850 [Worker-94: Building workspace] INFO  o.e.m.c.i.embedder.EclipseLogger - skip non existing resourceDirectory D:\SynechronBDD_15_03_2021\Eclipse_WS\actitime\src\main\resources
2021-03-15 12:03:00,851 [Worker-94: Building workspace] INFO  o.e.m.c.i.embedder.EclipseLogger - Using 'UTF-8' encoding to copy filtered resources.
2021-03-15 12:03:00,851 [Worker-94: Building workspace] INFO  o.e.m.c.i.embedder.EclipseLogger - skip non existing resourceDirectory D:\SynechronBDD_15_03_2021\Eclipse_WS\actitime\src\test\resources
2021-03-15 12:03:38,845 [Worker-89: Building workspace] INFO  o.e.m.c.i.embedder.EclipseLogger - Using 'UTF-8' encoding to copy filtered resources.
2021-03-15 12:03:38,846 [Worker-89: Building workspace] INFO  o.e.m.c.i.embedder.EclipseLogger - skip non existing resourceDirectory D:\SynechronBDD_15_03_2021\Eclipse_WS\actitime\src\main\resources
2021-03-15 12:03:38,847 [Worker-89: Building workspace] INFO  o.e.m.c.i.embedder.EclipseLogger - Using 'UTF-8' encoding to copy filtered resources.
2021-03-15 12:03:38,847 [Worker-89: Building workspace] INFO  o.e.m.c.i.embedder.EclipseLogger - skip non existing resourceDirectory D:\SynechronBDD_15_03_2021\Eclipse_WS\actitime\src\test\resources
2021-03-15 12:03:58,359 [Worker-97: Building workspace] INFO  o.e.m.c.i.embedder.EclipseLogger - Using 'UTF-8' encoding to copy filtered resources.
2021-03-15 12:03:58,359 [Worker-97: Building workspace] INFO  o.e.m.c.i.embedder.EclipseLogger - skip non existing resourceDirectory D:\SynechronBDD_15_03_2021\Eclipse_WS\actitime\src\main\resources
2021-03-15 12:03:58,360 [Worker-97: Building workspace] INFO  o.e.m.c.i.embedder.EclipseLogger - Using 'UTF-8' encoding to copy filtered resources.
2021-03-15 12:03:58,360 [Worker-97: Building workspace] INFO  o.e.m.c.i.embedder.EclipseLogger - skip non existing resourceDirectory D:\SynechronBDD_15_03_2021\Eclipse_WS\actitime\src\test\resources
2021-03-15 12:04:05,834 [Worker-96: Building workspace] INFO  o.e.m.c.i.embedder.EclipseLogger - Using 'UTF-8' encoding to copy filtered resources.
2021-03-15 12:04:05,834 [Worker-96: Building workspace] INFO  o.e.m.c.i.embedder.EclipseLogger - skip non existing resourceDirectory D:\SynechronBDD_15_03_2021\Eclipse_WS\actitime\src\main\resources
2021-03-15 12:04:05,835 [Worker-96: Building workspace] INFO  o.e.m.c.i.embedder.EclipseLogger - Using 'UTF-8' encoding to copy filtered resources.
2021-03-15 12:04:05,835 [Worker-96: Building workspace] INFO  o.e.m.c.i.embedder.EclipseLogger - skip non existing resourceDirectory D:\SynechronBDD_15_03_2021\Eclipse_WS\actitime\src\test\resources
2021-03-15 12:05:13,681 [Worker-86: Building workspace] INFO  o.e.m.c.i.embedder.EclipseLogger - Using 'UTF-8' encoding to copy filtered resources.
2021-03-15 12:05:13,681 [Worker-86: Building workspace] INFO  o.e.m.c.i.embedder.EclipseLogger - skip non existing resourceDirectory D:\SynechronBDD_15_03_2021\Eclipse_WS\actitime\src\main\resources
2021-03-15 12:05:13,683 [Worker-86: Building workspace] INFO  o.e.m.c.i.embedder.EclipseLogger - Using 'UTF-8' encoding to copy filtered resources.
2021-03-15 12:05:13,683 [Worker-86: Building workspace] INFO  o.e.m.c.i.embedder.EclipseLogger - skip non existing resourceDirectory D:\SynechronBDD_15_03_2021\Eclipse_WS\actitime\src\test\resources
2021-03-15 12:05:43,885 [Worker-97: Building workspace] INFO  o.e.m.c.i.embedder.EclipseLogger - Using 'UTF-8' encoding to copy filtered resources.
2021-03-15 12:05:43,885 [Worker-97: Building workspace] INFO  o.e.m.c.i.embedder.EclipseLogger - skip non existing resourceDirectory D:\SynechronBDD_15_03_2021\Eclipse_WS\actitime\src\main\resources
2021-03-15 12:05:43,886 [Worker-97: Building workspace] INFO  o.e.m.c.i.embedder.EclipseLogger - Using 'UTF-8' encoding to copy filtered resources.
2021-03-15 12:05:43,886 [Worker-97: Building workspace] INFO  o.e.m.c.i.embedder.EclipseLogger - skip non existing resourceDirectory D:\SynechronBDD_15_03_2021\Eclipse_WS\actitime\src\test\resources
2021-03-15 12:06:30,123 [Worker-89: Building workspace] INFO  o.e.m.c.i.embedder.EclipseLogger - Using 'UTF-8' encoding to copy filtered resources.
2021-03-15 12:06:30,123 [Worker-89: Building workspace] INFO  o.e.m.c.i.embedder.EclipseLogger - skip non existing resourceDirectory D:\SynechronBDD_15_03_2021\Eclipse_WS\actitime\src\main\resources
2021-03-15 12:06:30,123 [Worker-89: Building workspace] INFO  o.e.m.c.i.embedder.EclipseLogger - Using 'UTF-8' encoding to copy filtered resources.
2021-03-15 12:06:30,123 [Worker-89: Building workspace] INFO  o.e.m.c.i.embedder.EclipseLogger - skip non existing resourceDirectory D:\SynechronBDD_15_03_2021\Eclipse_WS\actitime\src\test\resources
2021-03-15 12:06:36,958 [Worker-86: Building workspace] INFO  o.e.m.c.i.embedder.EclipseLogger - Using 'UTF-8' encoding to copy filtered resources.
2021-03-15 12:06:36,958 [Worker-86: Building workspace] INFO  o.e.m.c.i.embedder.EclipseLogger - skip non existing resourceDirectory D:\SynechronBDD_15_03_2021\Eclipse_WS\actitime\src\main\resources
2021-03-15 12:06:36,959 [Worker-86: Building workspace] INFO  o.e.m.c.i.embedder.EclipseLogger - Using 'UTF-8' encoding to copy filtered resources.
2021-03-15 12:06:36,959 [Worker-86: Building workspace] INFO  o.e.m.c.i.embedder.EclipseLogger - skip non existing resourceDirectory D:\SynechronBDD_15_03_2021\Eclipse_WS\actitime\src\test\resources
2021-03-15 12:07:02,808 [Worker-97: Building workspace] INFO  o.e.m.c.i.embedder.EclipseLogger - Using 'UTF-8' encoding to copy filtered resources.
2021-03-15 12:07:02,808 [Worker-97: Building workspace] INFO  o.e.m.c.i.embedder.EclipseLogger - skip non existing resourceDirectory D:\SynechronBDD_15_03_2021\Eclipse_WS\actitime\src\main\resources
2021-03-15 12:07:02,808 [Worker-97: Building workspace] INFO  o.e.m.c.i.embedder.EclipseLogger - Using 'UTF-8' encoding to copy filtered resources.
2021-03-15 12:07:02,809 [Worker-97: Building workspace] INFO  o.e.m.c.i.embedder.EclipseLogger - skip non existing resourceDirectory D:\SynechronBDD_15_03_2021\Eclipse_WS\actitime\src\test\resources
2021-03-15 12:08:21,622 [Worker-89: Building workspace] INFO  o.e.m.c.i.embedder.EclipseLogger - Using 'UTF-8' encoding to copy filtered resources.
2021-03-15 12:08:21,622 [Worker-89: Building workspace] INFO  o.e.m.c.i.embedder.EclipseLogger - skip non existing resourceDirectory D:\SynechronBDD_15_03_2021\Eclipse_WS\actitime\src\main\resources
2021-03-15 12:08:21,623 [Worker-89: Building workspace] INFO  o.e.m.c.i.embedder.EclipseLogger - Using 'UTF-8' encoding to copy filtered resources.
2021-03-15 12:08:21,623 [Worker-89: Building workspace] INFO  o.e.m.c.i.embedder.EclipseLogger - skip non existing resourceDirectory D:\SynechronBDD_15_03_2021\Eclipse_WS\actitime\src\test\resources
2021-03-15 12:08:46,640 [Worker-98: Building workspace] INFO  o.e.m.c.i.embedder.EclipseLogger - Using 'UTF-8' encoding to copy filtered resources.
2021-03-15 12:08:46,640 [Worker-98: Building workspace] INFO  o.e.m.c.i.embedder.EclipseLogger - skip non existing resourceDirectory D:\SynechronBDD_15_03_2021\Eclipse_WS\actitime\src\main\resources
2021-03-15 12:08:46,640 [Worker-98: Building workspace] INFO  o.e.m.c.i.embedder.EclipseLogger - Using 'UTF-8' encoding to copy filtered resources.
2021-03-15 12:08:46,641 [Worker-98: Building workspace] INFO  o.e.m.c.i.embedder.EclipseLogger - skip non existing resourceDirectory D:\SynechronBDD_15_03_2021\Eclipse_WS\actitime\src\test\resources
2021-03-15 12:09:26,668 [Worker-86: Building workspace] INFO  o.e.m.c.i.embedder.EclipseLogger - Using 'UTF-8' encoding to copy filtered resources.
2021-03-15 12:09:26,668 [Worker-86: Building workspace] INFO  o.e.m.c.i.embedder.EclipseLogger - skip non existing resourceDirectory D:\SynechronBDD_15_03_2021\Eclipse_WS\actitime\src\main\resources
2021-03-15 12:09:26,669 [Worker-86: Building workspace] INFO  o.e.m.c.i.embedder.EclipseLogger - Using 'UTF-8' encoding to copy filtered resources.
2021-03-15 12:09:26,669 [Worker-86: Building workspace] INFO  o.e.m.c.i.embedder.EclipseLogger - skip non existing resourceDirectory D:\SynechronBDD_15_03_2021\Eclipse_WS\actitime\src\test\resources
2021-03-15 12:09:38,566 [Worker-94: Building workspace] INFO  o.e.m.c.i.embedder.EclipseLogger - Using 'UTF-8' encoding to copy filtered resources.
2021-03-15 12:09:38,566 [Worker-94: Building workspace] INFO  o.e.m.c.i.embedder.EclipseLogger - skip non existing resourceDirectory D:\SynechronBDD_15_03_2021\Eclipse_WS\actitime\src\main\resources
2021-03-15 12:09:38,567 [Worker-94: Building workspace] INFO  o.e.m.c.i.embedder.EclipseLogger - Using 'UTF-8' encoding to copy filtered resources.
2021-03-15 12:09:38,567 [Worker-94: Building workspace] INFO  o.e.m.c.i.embedder.EclipseLogger - skip non existing resourceDirectory D:\SynechronBDD_15_03_2021\Eclipse_WS\actitime\src\test\resources
2021-03-15 12:09:40,398 [Worker-95: Building workspace] INFO  o.e.m.c.i.embedder.EclipseLogger - Using 'UTF-8' encoding to copy filtered resources.
2021-03-15 12:09:40,398 [Worker-95: Building workspace] INFO  o.e.m.c.i.embedder.EclipseLogger - skip non existing resourceDirectory D:\SynechronBDD_15_03_2021\Eclipse_WS\actitime\src\main\resources
2021-03-15 12:09:40,398 [Worker-95: Building workspace] INFO  o.e.m.c.i.embedder.EclipseLogger - Using 'UTF-8' encoding to copy filtered resources.
2021-03-15 12:09:40,398 [Worker-95: Building workspace] INFO  o.e.m.c.i.embedder.EclipseLogger - skip non existing resourceDirectory D:\SynechronBDD_15_03_2021\Eclipse_WS\actitime\src\test\resources
2021-03-15 12:11:47,082 [Worker-86: Building workspace] INFO  o.e.m.c.i.embedder.EclipseLogger - Using 'UTF-8' encoding to copy filtered resources.
2021-03-15 12:11:47,083 [Worker-86: Building workspace] INFO  o.e.m.c.i.embedder.EclipseLogger - skip non existing resourceDirectory D:\SynechronBDD_15_03_2021\Eclipse_WS\actitime\src\main\resources
2021-03-15 12:11:47,083 [Worker-86: Building workspace] INFO  o.e.m.c.i.embedder.EclipseLogger - Using 'UTF-8' encoding to copy filtered resources.
2021-03-15 12:11:47,084 [Worker-86: Building workspace] INFO  o.e.m.c.i.embedder.EclipseLogger - skip non existing resourceDirectory D:\SynechronBDD_15_03_2021\Eclipse_WS\actitime\src\test\resources
2021-03-15 12:12:35,305 [Worker-86: Building workspace] INFO  o.e.m.c.i.embedder.EclipseLogger - Using 'UTF-8' encoding to copy filtered resources.
2021-03-15 12:12:35,306 [Worker-86: Building workspace] INFO  o.e.m.c.i.embedder.EclipseLogger - skip non existing resourceDirectory D:\SynechronBDD_15_03_2021\Eclipse_WS\actitime\src\main\resources
2021-03-15 12:12:35,306 [Worker-86: Building workspace] INFO  o.e.m.c.i.embedder.EclipseLogger - Using 'UTF-8' encoding to copy filtered resources.
2021-03-15 12:12:35,306 [Worker-86: Building workspace] INFO  o.e.m.c.i.embedder.EclipseLogger - skip non existing resourceDirectory D:\SynechronBDD_15_03_2021\Eclipse_WS\actitime\src\test\resources
2021-03-15 12:16:22,411 [Worker-99: Building workspace] INFO  o.e.m.c.i.embedder.EclipseLogger - Using 'UTF-8' encoding to copy filtered resources.
2021-03-15 12:16:22,411 [Worker-99: Building workspace] INFO  o.e.m.c.i.embedder.EclipseLogger - skip non existing resourceDirectory D:\SynechronBDD_15_03_2021\Eclipse_WS\actitime\src\main\resources
2021-03-15 12:16:22,412 [Worker-99: Building workspace] INFO  o.e.m.c.i.embedder.EclipseLogger - Using 'UTF-8' encoding to copy filtered resources.
2021-03-15 12:16:22,412 [Worker-99: Building workspace] INFO  o.e.m.c.i.embedder.EclipseLogger - skip non existing resourceDirectory D:\SynechronBDD_15_03_2021\Eclipse_WS\actitime\src\test\resources
2021-03-15 12:16:56,330 [Worker-98: Building workspace] INFO  o.e.m.c.i.embedder.EclipseLogger - Using 'UTF-8' encoding to copy filtered resources.
2021-03-15 12:16:56,330 [Worker-98: Building workspace] INFO  o.e.m.c.i.embedder.EclipseLogger - skip non existing resourceDirectory D:\SynechronBDD_15_03_2021\Eclipse_WS\actitime\src\main\resources
2021-03-15 12:16:56,330 [Worker-98: Building workspace] INFO  o.e.m.c.i.embedder.EclipseLogger - Using 'UTF-8' encoding to copy filtered resources.
2021-03-15 12:16:56,330 [Worker-98: Building workspace] INFO  o.e.m.c.i.embedder.EclipseLogger - skip non existing resourceDirectory D:\SynechronBDD_15_03_2021\Eclipse_WS\actitime\src\test\resources
2021-03-15 12:35:40,909 [Worker-105: Building workspace] INFO  o.e.m.c.i.embedder.EclipseLogger - Using 'UTF-8' encoding to copy filtered resources.
2021-03-15 12:35:40,909 [Worker-105: Building workspace] INFO  o.e.m.c.i.embedder.EclipseLogger - skip non existing resourceDirectory D:\SynechronBDD_15_03_2021\Eclipse_WS\actitime\src\main\resources
2021-03-15 12:35:40,910 [Worker-105: Building workspace] INFO  o.e.m.c.i.embedder.EclipseLogger - Using 'UTF-8' encoding to copy filtered resources.
2021-03-15 12:35:40,910 [Worker-105: Building workspace] INFO  o.e.m.c.i.embedder.EclipseLogger - skip non existing resourceDirectory D:\SynechronBDD_15_03_2021\Eclipse_WS\actitime\src\test\resources
2021-03-15 12:36:37,631 [Worker-105: Building workspace] INFO  o.e.m.c.i.embedder.EclipseLogger - Using 'UTF-8' encoding to copy filtered resources.
2021-03-15 12:36:37,631 [Worker-105: Building workspace] INFO  o.e.m.c.i.embedder.EclipseLogger - skip non existing resourceDirectory D:\SynechronBDD_15_03_2021\Eclipse_WS\actitime\src\main\resources
2021-03-15 12:36:37,631 [Worker-105: Building workspace] INFO  o.e.m.c.i.embedder.EclipseLogger - Using 'UTF-8' encoding to copy filtered resources.
2021-03-15 12:36:37,631 [Worker-105: Building workspace] INFO  o.e.m.c.i.embedder.EclipseLogger - skip non existing resourceDirectory D:\SynechronBDD_15_03_2021\Eclipse_WS\actitime\src\test\resources
2021-03-15 12:37:29,496 [Worker-102: Building workspace] INFO  o.e.m.c.i.embedder.EclipseLogger - Using 'UTF-8' encoding to copy filtered resources.
2021-03-15 12:37:29,496 [Worker-102: Building workspace] INFO  o.e.m.c.i.embedder.EclipseLogger - skip non existing resourceDirectory D:\SynechronBDD_15_03_2021\Eclipse_WS\actitime\src\main\resources
2021-03-15 12:37:29,497 [Worker-102: Building workspace] INFO  o.e.m.c.i.embedder.EclipseLogger - Using 'UTF-8' encoding to copy filtered resources.
2021-03-15 12:37:29,497 [Worker-102: Building workspace] INFO  o.e.m.c.i.embedder.EclipseLogger - skip non existing resourceDirectory D:\SynechronBDD_15_03_2021\Eclipse_WS\actitime\src\test\resources
2021-03-15 12:38:25,615 [Worker-108: Building workspace] INFO  o.e.m.c.i.embedder.EclipseLogger - Using 'UTF-8' encoding to copy filtered resources.
2021-03-15 12:38:25,615 [Worker-108: Building workspace] INFO  o.e.m.c.i.embedder.EclipseLogger - skip non existing resourceDirectory D:\SynechronBDD_15_03_2021\Eclipse_WS\actitime\src\main\resources
2021-03-15 12:38:25,616 [Worker-108: Building workspace] INFO  o.e.m.c.i.embedder.EclipseLogger - Using 'UTF-8' encoding to copy filtered resources.
2021-03-15 12:38:25,616 [Worker-108: Building workspace] INFO  o.e.m.c.i.embedder.EclipseLogger - skip non existing resourceDirectory D:\SynechronBDD_15_03_2021\Eclipse_WS\actitime\src\test\resources
2021-03-15 12:40:46,327 [Worker-107: Building workspace] INFO  o.e.m.c.i.embedder.EclipseLogger - Using 'UTF-8' encoding to copy filtered resources.
2021-03-15 12:40:46,327 [Worker-107: Building workspace] INFO  o.e.m.c.i.embedder.EclipseLogger - skip non existing resourceDirectory D:\SynechronBDD_15_03_2021\Eclipse_WS\actitime\src\main\resources
2021-03-15 12:40:46,328 [Worker-107: Building workspace] INFO  o.e.m.c.i.embedder.EclipseLogger - Using 'UTF-8' encoding to copy filtered resources.
2021-03-15 12:40:46,329 [Worker-107: Building workspace] INFO  o.e.m.c.i.embedder.EclipseLogger - skip non existing resourceDirectory D:\SynechronBDD_15_03_2021\Eclipse_WS\actitime\src\test\resources
2021-03-15 12:42:58,087 [Worker-110: Building workspace] INFO  o.e.m.c.i.embedder.EclipseLogger - Using 'UTF-8' encoding to copy filtered resources.
2021-03-15 12:42:58,087 [Worker-110: Building workspace] INFO  o.e.m.c.i.embedder.EclipseLogger - skip non existing resourceDirectory D:\SynechronBDD_15_03_2021\Eclipse_WS\actitime\src\main\resources
2021-03-15 12:42:58,088 [Worker-110: Building workspace] INFO  o.e.m.c.i.embedder.EclipseLogger - Using 'UTF-8' encoding to copy filtered resources.
2021-03-15 12:42:58,088 [Worker-110: Building workspace] INFO  o.e.m.c.i.embedder.EclipseLogger - skip non existing resourceDirectory D:\SynechronBDD_15_03_2021\Eclipse_WS\actitime\src\test\resources
